<?xml version="1.0" encoding="UTF-8"?>
<!-- Generated by org.testng.reporters.JUnitReportReporter -->
<testsuite hostname="QAW2019RRA10" failures="0" tests="3" name="POM_Maven.tests.StandAloneTest" time="24.576" errors="0" timestamp="2023-04-02T11:21:43 UTC" skipped="0">
  <testcase classname="POM_Maven.tests.StandAloneTest" name="VerifyOrders" time="5.226"/>
  <system-out/>
  <testcase classname="POM_Maven.tests.StandAloneTest" name="submitLogin" time="10.721"/>
  <system-out/>
  <testcase classname="POM_Maven.tests.StandAloneTest" name="submitLogin" time="8.629"/>
  <system-out/>
</testsuite> <!-- POM_Maven.tests.StandAloneTest -->
