<?xml version="1.0" encoding="UTF-8"?>
<!-- Generated by org.testng.reporters.JUnitReportReporter -->
<testsuite hostname="QAW2019RRA10" failures="0" tests="1" name="POM_Maven.StandAloneTest" time="13.851" errors="0" timestamp="2023-03-18T10:38:12 UTC" skipped="0">
  <testcase classname="POM_Maven.StandAloneTest" name="E2ETest" time="13.851"/>
  <system-out/>
</testsuite> <!-- POM_Maven.StandAloneTest -->
