<?xml version="1.0" encoding="UTF-8"?>
<!-- Generated by org.testng.reporters.JUnitReportReporter -->
<testsuite hostname="QAW2019RRA10" failures="0" tests="3" name="POM_Maven.tests.StandAloneTest" time="34.332" errors="0" timestamp="2023-04-02T11:25:35 UTC" skipped="0">
  <testcase classname="POM_Maven.tests.StandAloneTest" name="submitLogin" time="9.318"/>
  <system-out/>
  <testcase classname="POM_Maven.tests.StandAloneTest" name="submitLogin" time="17.312"/>
  <system-out/>
  <testcase classname="POM_Maven.tests.StandAloneTest" name="VerifyOrders" time="7.702"/>
  <system-out/>
</testsuite> <!-- POM_Maven.tests.StandAloneTest -->
